<?xml version="1.0" encoding="UTF-8"?>
<!-- Generated by org.testng.reporters.JUnitXMLReporter -->
<testsuite ignored="2" hostname="DESKTOP-OVJ75DL" failures="0" tests="1" name="Default test" time="0.067" errors="0" timestamp="2022-11-09T23:10:27 IST">
  <testcase classname="TestMavenProejct.TestClass2" name="testcase6" time="0.015"/>
  <testcase classname="TestMavenProejct.TestClass2" name="testcase14" time="0.0">
    <ignored/>
  </testcase> <!-- testcase14 -->
  <testcase classname="TestMavenProejct.TestClass2" name="testcase5" time="0.0">
    <ignored/>
  </testcase> <!-- testcase5 -->
</testsuite> <!-- Default test -->
