<?xml version="1.0" encoding="UTF-8"?>
<testng-results ignored="2" total="3" passed="1" failed="0" skipped="0">
  <reporter-output>
  </reporter-output>
  <suite started-at="2022-11-09T23:10:27 IST" name="Default suite" finished-at="2022-11-09T23:10:27 IST" duration-ms="67">
    <groups>
    </groups>
    <test started-at="2022-11-09T23:10:27 IST" name="Default test" finished-at="2022-11-09T23:10:27 IST" duration-ms="67">
      <class name="TestMavenProejct.TestClass2">
        <test-method signature="testcase6()[pri:0, instance:TestMavenProejct.TestClass2@3427b02d]" started-at="2022-11-09T23:10:27 IST" name="testcase6" finished-at="2022-11-09T23:10:27 IST" duration-ms="15" status="PASS">
          <reporter-output>
          </reporter-output>
        </test-method> <!-- testcase6 -->
      </class> <!-- TestMavenProejct.TestClass2 -->
    </test> <!-- Default test -->
  </suite> <!-- Default suite -->
</testng-results>
